thmyris@supersecretpc:~$ sudo apt install ./snapd_2.42.1-1_amd64.deb 
Reading package lists... Done
Building dependency tree       
Reading state information... Done
Note, selecting 'snapd' instead of './snapd_2.42.1-1_amd64.deb'
Suggested packages:
  zenity | kdialog
The following NEW packages will be installed:
  snapd
0 upgraded, 1 newly installed, 0 to remove and 307 not upgraded.
Need to get 14.6 MB of archives.
After this operation, 62.0 MB of additional disk space will be used.
Get:1 http://kali.download/kali kali-rolling/main amd64 snapd amd64 2.42.1-1 [14.6 MB]
Fetched 14.6 MB in 8s (1,920 kB/s)                                                                                                                                        
Selecting previously unselected package snapd.
(Reading database ... 274615 files and directories currently installed.)
Preparing to unpack .../snapd_2.42.1-1_amd64.deb ...
Unpacking snapd (2.42.1-1) ...
Setting up snapd (2.42.1-1) ...
snapd.seeded.service is a disabled or a static unit, not starting it.
snapd.service is a disabled or a static unit, not starting it.
snapd.socket is a disabled or a static unit, not starting it.
Processing triggers for desktop-file-utils (0.24-1) ...
Processing triggers for mime-support (3.64) ...
Processing triggers for man-db (2.9.1-1) ...
Processing triggers for kali-menu (2020.1.8) ...
thmyris@supersecretpc:~$ 

