thmyris@cb:~$ apt download xinput         
Get:1 http://kali.download/kali kali-rolling/main amd64 xinput amd64 1.6.3-1 [52.6 kB]
Fetched 52.6 kB in 1s (69.2 kB/s)         
thmyris@cb:~$ sudo apt install ./xinput_1.6.3-1_amd64.deb                            
sudo: unable to resolve host cb: Name or service not known                           
[sudo] password for thmyris:              
Reading package lists... Done             
Building dependency tree                  
Reading state information... Done         
Note, selecting 'xinput' instead of './xinput_1.6.3-1_amd64.deb'                     
The following NEW packages will be installed:                                        
  xinput                                  
0 upgraded, 1 newly installed, 0 to remove and 307 not upgraded.                     
Need to get 52.6 kB of archives.          
After this operation, 105 kB of additional disk space will be used.                  
Get:1 http://kali.download/kali kali-rolling/main amd64 xinput amd64 1.6.3-1 [52.6 kB]
Fetched 52.6 kB in 1s (72.9 kB/s)         
Selecting previously unselected package xinput.                                      
(Reading database ... 277109 files and directories currently installed.)             
Preparing to unpack .../xinput_1.6.3-1_amd64.deb ...                                 
Unpacking xinput (1.6.3-1) ...            
Setting up xinput (1.6.3-1) ...           
Processing triggers for kali-menu (2020.1.8) ...                                     
Processing triggers for man-db (2.9.1-1) ...                                         
thmyris@cb:~$                    
