thmyris@supersecretpc:/var/local-deb-repo$ sudo apt-get install vivaldi-stable 
Reading package lists... Done
Building dependency tree       
Reading state information... Done
Recommended packages:
  adobe-flashplugin
The following NEW packages will be installed:
  vivaldi-stable
0 upgraded, 1 newly installed, 0 to remove and 301 not upgraded.
Need to get 0 B/65.6 MB of archives.
After this operation, 232 MB of additional disk space will be used.
Get:1 file:/var/local-deb-repo ./ vivaldi-stable 2.11.1811.51-1 [65.6 MB]
Selecting previously unselected package vivaldi-stable.
(Reading database ... 272655 files and directories currently installed.)
Preparing to unpack .../vivaldi-stable_2.11.1811.51-1_amd64.deb ...
Unpacking vivaldi-stable (2.11.1811.51-1) ...
Setting up vivaldi-stable (2.11.1811.51-1) ...
update-alternatives: using /usr/bin/vivaldi-stable to provide /usr/bin/x-www-browser (x-www-browser) in auto mode
update-alternatives: using /usr/bin/vivaldi-stable to provide /usr/bin/gnome-www-browser (gnome-www-browser) in auto mode
update-alternatives: using /usr/bin/vivaldi-stable to provide /usr/bin/vivaldi (vivaldi) in auto mode
Processing triggers for desktop-file-utils (0.24-1) ...
Processing triggers for mime-support (3.64) ...
Processing triggers for kali-menu (2020.1.8) ...
thmyris@supersecretpc:/var/local-deb-repo$ 

