thmyris@supersecretpc:~/Downloads/arsive/.deb files/notepadqq$ sudo apt install ./notepadqq_1.4.4-1_xenial1_amd64.deb 
Reading package lists... Done
Building dependency tree       
Reading state information... Done
Note, selecting 'notepadqq' instead of './notepadqq_1.4.4-1_xenial1_amd64.deb'
The following NEW packages will be installed:
  notepadqq
0 upgraded, 1 newly installed, 0 to remove and 307 not upgraded.
Need to get 0 B/416 kB of archives.
After this operation, 1,612 kB of additional disk space will be used.
Get:1 /home/thmyris/Downloads/arsive/.deb files/notepadqq/notepadqq_1.4.4-1_xenial1_amd64.deb notepadqq amd64 1.4.4-1~xenial1 [416 kB]
Selecting previously unselected package notepadqq.
(Reading database ... 277081 files and directories currently installed.)
Preparing to unpack .../notepadqq_1.4.4-1_xenial1_amd64.deb ...
Unpacking notepadqq (1.4.4-1~xenial1) ...
Setting up notepadqq (1.4.4-1~xenial1) ...
update-alternatives: using /usr/lib/notepadqq/notepadqq.sh to provide /usr/bin/notepadqq (notepadqq) in auto mode
Processing triggers for desktop-file-utils (0.24-1) ...
Processing triggers for mime-support (3.64) ...
Processing triggers for man-db (2.9.1-1) ...
Processing triggers for kali-menu (2020.1.8) ...
thmyris@supersecretpc:~/Downloads/arsive/.deb files/notepadqq$ 

