thmyris@supersecretpc:/var/local-deb-repo$ sudo apt-get install discord 
Reading package lists... Done
Building dependency tree       
Reading state information... Done
The following additional packages will be installed:
  gconf-service gconf2-common libappindicator1 libc++1 libc++1-9 libc++abi1-9
  libdbusmenu-gtk4 libgconf-2-4 libindicator7
The following NEW packages will be installed:
  discord gconf-service gconf2-common libappindicator1 libc++1 libc++1-9 libc++abi1-9
  libdbusmenu-gtk4 libgconf-2-4 libindicator7
0 upgraded, 10 newly installed, 0 to remove and 301 not upgraded.
Need to get 2,368 kB/70.7 MB of archives.
After this operation, 188 MB of additional disk space will be used.
Do you want to continue? [Y/n] 
Get:1 http://kali.download/kali kali-rolling/main amd64 gconf2-common all 3.2.6-6 [1,039 kB]
Get:2 file:/var/local-deb-repo ./ discord 0.0.10 [68.3 MB]
Get:3 http://kali.download/kali kali-rolling/main amd64 libgconf-2-4 amd64 3.2.6-6 [427 kB]
Get:4 http://kali.download/kali kali-rolling/main amd64 libdbusmenu-gtk4 amd64 18.10.20180917~bzr492+repack1-2 [45.9 kB]
Get:5 http://kali.download/kali kali-rolling/main amd64 libindicator7 amd64 0.5.0-4 [53.0 kB]
Get:6 http://kali.download/kali kali-rolling/main amd64 libappindicator1 amd64 0.4.92-7 [53.3 kB]
Get:7 http://kali.download/kali kali-rolling/main amd64 libc++abi1-9 amd64 1:9.0.1-10 [91.1 kB]
Get:8 http://kali.download/kali kali-rolling/main amd64 libc++1-9 amd64 1:9.0.1-10 [236 kB]
Get:9 http://kali.download/kali kali-rolling/main amd64 libc++1 amd64 1:9.0-49.1 [7,764 B]
Get:10 http://kali.download/kali kali-rolling/main amd64 gconf-service amd64 3.2.6-6 [415 kB]
Fetched 2,368 kB in 2s (1,352 kB/s) 
Selecting previously unselected package gconf2-common.
(Reading database ... 273385 files and directories currently installed.)
Preparing to unpack .../0-gconf2-common_3.2.6-6_all.deb ...
Unpacking gconf2-common (3.2.6-6) ...
Selecting previously unselected package libgconf-2-4:amd64.
Preparing to unpack .../1-libgconf-2-4_3.2.6-6_amd64.deb ...
Unpacking libgconf-2-4:amd64 (3.2.6-6) ...
Selecting previously unselected package libdbusmenu-gtk4:amd64.
Preparing to unpack .../2-libdbusmenu-gtk4_18.10.20180917~bzr492+repack1-2_amd64.deb ...
Unpacking libdbusmenu-gtk4:amd64 (18.10.20180917~bzr492+repack1-2) ...
Selecting previously unselected package libindicator7:amd64.
Preparing to unpack .../3-libindicator7_0.5.0-4_amd64.deb ...
Unpacking libindicator7:amd64 (0.5.0-4) ...
Selecting previously unselected package libappindicator1:amd64.
Preparing to unpack .../4-libappindicator1_0.4.92-7_amd64.deb ...
Unpacking libappindicator1:amd64 (0.4.92-7) ...
Selecting previously unselected package libc++abi1-9:amd64.
Preparing to unpack .../5-libc++abi1-9_1%3a9.0.1-10_amd64.deb ...
Unpacking libc++abi1-9:amd64 (1:9.0.1-10) ...
Selecting previously unselected package libc++1-9:amd64.
Preparing to unpack .../6-libc++1-9_1%3a9.0.1-10_amd64.deb ...
Unpacking libc++1-9:amd64 (1:9.0.1-10) ...
Selecting previously unselected package libc++1:amd64.
Preparing to unpack .../7-libc++1_1%3a9.0-49.1_amd64.deb ...
Unpacking libc++1:amd64 (1:9.0-49.1) ...
Selecting previously unselected package discord.
Preparing to unpack .../8-discord-0.0.10.deb ...
Unpacking discord (0.0.10) ...
Selecting previously unselected package gconf-service.
Preparing to unpack .../9-gconf-service_3.2.6-6_amd64.deb ...
Unpacking gconf-service (3.2.6-6) ...
Setting up libc++abi1-9:amd64 (1:9.0.1-10) ...
Setting up libc++1-9:amd64 (1:9.0.1-10) ...
Setting up gconf2-common (3.2.6-6) ...

Creating config file /etc/gconf/2/path with new version
Setting up libindicator7:amd64 (0.5.0-4) ...
Setting up libdbusmenu-gtk4:amd64 (18.10.20180917~bzr492+repack1-2) ...
Setting up libc++1:amd64 (1:9.0-49.1) ...
Setting up libgconf-2-4:amd64 (3.2.6-6) ...
Setting up libappindicator1:amd64 (0.4.92-7) ...
Setting up gconf-service (3.2.6-6) ...
Setting up discord (0.0.10) ...
Processing triggers for desktop-file-utils (0.24-1) ...
Processing triggers for mime-support (3.64) ...
Processing triggers for libc-bin (2.29-10) ...
Processing triggers for kali-menu (2020.1.8) ...
thmyris@supersecretpc:/var/local-deb-repo$ 

