thmyris@supersecretpc:~/Downloads/arsive/.deb files$ sudo apt install ./aptitude_0.8.12-3_amd64.deb 
Reading package lists... Done
Building dependency tree       
Reading state information... Done
Note, selecting 'aptitude' instead of './aptitude_0.8.12-3_amd64.deb'
The following additional packages will be installed:
  aptitude-common libclass-accessor-perl libcwidget4 libio-string-perl libparse-debianchangelog-perl libsub-name-perl libxapian30
Suggested packages:
  aptitude-doc-en | aptitude-doc apt-xapian-index libcwidget-dev libxml-simple-perl xapian-tools
The following NEW packages will be installed:
  aptitude aptitude-common libclass-accessor-perl libcwidget4 libio-string-perl libparse-debianchangelog-perl libsub-name-perl libxapian30
0 upgraded, 8 newly installed, 0 to remove and 307 not upgraded.
Need to get 4,653 kB of archives.
After this operation, 19.1 MB of additional disk space will be used.
Do you want to continue? [Y/n] y
Get:1 http://kali.download/kali kali-rolling/main amd64 aptitude-common all 0.8.12-3 [1,768 kB]
Get:2 http://kali.download/kali kali-rolling/main amd64 libcwidget4 amd64 0.5.18-5 [315 kB]
Get:3 http://kali.download/kali kali-rolling/main amd64 libxapian30 amd64 1.4.14-2 [1,085 kB]
Get:4 http://kali.download/kali kali-rolling/main amd64 aptitude amd64 0.8.12-3 [1,375 kB]
Get:5 http://kali.download/kali kali-rolling/main amd64 libsub-name-perl amd64 0.26-1 [13.5 kB]
Get:6 http://kali.download/kali kali-rolling/main amd64 libclass-accessor-perl all 0.51-1 [23.2 kB]
Get:7 http://kali.download/kali kali-rolling/main amd64 libio-string-perl all 1.08-3 [12.3 kB]
Get:8 http://kali.download/kali kali-rolling/main amd64 libparse-debianchangelog-perl all 1.2.0-13 [59.5 kB]
Fetched 4,653 kB in 4s (1,138 kB/s)                      
Selecting previously unselected package aptitude-common.
(Reading database ... 274671 files and directories currently installed.)
Preparing to unpack .../0-aptitude-common_0.8.12-3_all.deb ...
Unpacking aptitude-common (0.8.12-3) ...
Selecting previously unselected package libcwidget4:amd64.
Preparing to unpack .../1-libcwidget4_0.5.18-5_amd64.deb ...
Unpacking libcwidget4:amd64 (0.5.18-5) ...
Selecting previously unselected package libxapian30:amd64.
Preparing to unpack .../2-libxapian30_1.4.14-2_amd64.deb ...
Unpacking libxapian30:amd64 (1.4.14-2) ...
Selecting previously unselected package aptitude.
Preparing to unpack .../3-aptitude_0.8.12-3_amd64.deb ...
Unpacking aptitude (0.8.12-3) ...
Selecting previously unselected package libsub-name-perl.
Preparing to unpack .../4-libsub-name-perl_0.26-1_amd64.deb ...
Unpacking libsub-name-perl (0.26-1) ...
Selecting previously unselected package libclass-accessor-perl.
Preparing to unpack .../5-libclass-accessor-perl_0.51-1_all.deb ...
Unpacking libclass-accessor-perl (0.51-1) ...
Selecting previously unselected package libio-string-perl.
Preparing to unpack .../6-libio-string-perl_1.08-3_all.deb ...
Unpacking libio-string-perl (1.08-3) ...
Selecting previously unselected package libparse-debianchangelog-perl.
Preparing to unpack .../7-libparse-debianchangelog-perl_1.2.0-13_all.deb ...
Unpacking libparse-debianchangelog-perl (1.2.0-13) ...
Setting up libxapian30:amd64 (1.4.14-2) ...
Setting up libio-string-perl (1.08-3) ...
Setting up libcwidget4:amd64 (0.5.18-5) ...
Setting up aptitude-common (0.8.12-3) ...
Setting up aptitude (0.8.12-3) ...
update-alternatives: using /usr/bin/aptitude-curses to provide /usr/bin/aptitude (aptitude) in auto mode
Setting up libsub-name-perl (0.26-1) ...
Setting up libclass-accessor-perl (0.51-1) ...
Setting up libparse-debianchangelog-perl (1.2.0-13) ...
Processing triggers for libc-bin (2.29-10) ...
Processing triggers for man-db (2.9.1-1) ...
Processing triggers for kali-menu (2020.1.8) ...
thmyris@supersecretpc:~/Downloads/arsive/.deb files$ 

